2017-06-26 11:27:59.777 [main] INFO  c.s.a.ApplicationContextInitializer - 指定加载的properties文件 application.test
2017-06-26 11:27:59.841 [main] INFO  o.s.web.context.ContextLoader - Root WebApplicationContext: initialization started
2017-06-26 11:28:00.147 [main] INFO  o.s.w.c.s.XmlWebApplicationContext - Refreshing Root WebApplicationContext: startup date [Mon Jun 26 11:28:00 CST 2017]; root of context hierarchy
2017-06-26 11:28:00.304 [main] INFO  o.s.b.f.xml.XmlBeanDefinitionReader - Loading XML bean definitions from URL [file:/C:/workspace-JEE/coffee.cms/target/classes/spring/applicationContext.xml]
2017-06-26 11:28:01.117 [main] INFO  o.s.b.f.s.DefaultListableBeanFactory - Overriding bean definition for bean 'dataSourceAdvice' with a different definition: replacing [Generic bean: class [com.shouhuobao.app.datasource.DataSourceAdvice]; scope=singleton; abstract=false; lazyInit=true; autowireMode=0; dependencyCheck=0; autowireCandidate=true; primary=false; factoryBeanName=null; factoryMethodName=null; initMethodName=null; destroyMethodName=null; defined in file [C:\workspace-JEE\coffee.cms\target\classes\com\shouhuobao\app\datasource\DataSourceAdvice.class]] with [Generic bean: class [com.shouhuobao.app.datasource.DataSourceAdvice]; scope=; abstract=false; lazyInit=true; autowireMode=0; dependencyCheck=0; autowireCandidate=true; primary=false; factoryBeanName=null; factoryMethodName=null; initMethodName=null; destroyMethodName=null; defined in URL [file:/C:/workspace-JEE/coffee.cms/target/classes/spring/applicationContext.xml]]
2017-06-26 11:28:01.167 [main] INFO  o.s.b.f.xml.XmlBeanDefinitionReader - Loading XML bean definitions from URL [jar:file:/C:/Users/coffee/.m2/repository/com/shouhuobao/guoer-base/2.0.0/guoer-base-2.0.0.jar!/spring/applicationContext.xml]
2017-06-26 11:28:02.204 [main] INFO  o.s.b.f.s.DefaultListableBeanFactory - Overriding bean definition for bean 'org.springframework.context.annotation.internalScheduledAnnotationProcessor' with a different definition: replacing [Generic bean: class [org.springframework.scheduling.annotation.ScheduledAnnotationBeanPostProcessor]; scope=; abstract=false; lazyInit=false; autowireMode=0; dependencyCheck=0; autowireCandidate=true; primary=false; factoryBeanName=null; factoryMethodName=null; initMethodName=null; destroyMethodName=null] with [Root bean: class [null]; scope=; abstract=false; lazyInit=false; autowireMode=3; dependencyCheck=0; autowireCandidate=true; primary=false; factoryBeanName=org.springframework.scheduling.annotation.SchedulingConfiguration; factoryMethodName=scheduledAnnotationProcessor; initMethodName=null; destroyMethodName=(inferred); defined in class path resource [org/springframework/scheduling/annotation/SchedulingConfiguration.class]]
2017-06-26 11:28:02.969 [main] INFO  o.s.b.f.config.PropertiesFactoryBean - Loading properties file from URL [file:/C:/workspace-JEE/coffee.cms/target/classes/properties/application.test.properties]
2017-06-26 11:28:02.984 [main] INFO  o.s.b.f.config.PropertiesFactoryBean - Loading properties file from URL [file:/C:/workspace-JEE/coffee.cms/target/classes/properties/common.properties]
2017-06-26 11:28:03.031 [main] INFO  o.s.c.s.PropertySourcesPlaceholderConfigurer - Loading properties file from URL [file:/C:/workspace-JEE/coffee.cms/target/classes/properties/application.test.properties]
2017-06-26 11:28:03.047 [main] INFO  o.s.c.s.PropertySourcesPlaceholderConfigurer - Loading properties file from URL [file:/C:/workspace-JEE/coffee.cms/target/classes/properties/common.properties]
2017-06-26 11:28:03.110 [main] INFO  o.s.b.f.a.AutowiredAnnotationBeanPostProcessor - JSR-330 'javax.inject.Inject' annotation found and supported for autowiring
2017-06-26 11:28:03.266 [main] INFO  o.s.s.c.ThreadPoolTaskExecutor - Initializing ExecutorService 
2017-06-26 11:28:03.266 [main] INFO  o.s.c.s.PostProcessorRegistrationDelegate$BeanPostProcessorChecker - Bean 'executor' of type [class org.springframework.scheduling.config.TaskExecutorFactoryBean] is not eligible for getting processed by all BeanPostProcessors (for example: not eligible for auto-proxying)
2017-06-26 11:28:03.266 [main] INFO  o.s.c.s.PostProcessorRegistrationDelegate$BeanPostProcessorChecker - Bean 'executor' of type [class org.springframework.scheduling.concurrent.ThreadPoolTaskExecutor] is not eligible for getting processed by all BeanPostProcessors (for example: not eligible for auto-proxying)
2017-06-26 11:28:04.425 [main] INFO  o.s.aop.framework.CglibAopProxy - Unable to proxy method [protected final java.lang.Object[] org.springframework.web.servlet.config.annotation.WebMvcConfigurationSupport.getInterceptors()] because it is final: All calls to this method via a proxy will NOT be routed to the target instance.
2017-06-26 11:28:04.425 [main] INFO  o.s.aop.framework.CglibAopProxy - Unable to proxy method [protected final java.util.List org.springframework.web.servlet.config.annotation.WebMvcConfigurationSupport.getArgumentResolvers()] because it is final: All calls to this method via a proxy will NOT be routed to the target instance.
2017-06-26 11:28:04.425 [main] INFO  o.s.aop.framework.CglibAopProxy - Unable to proxy method [protected final java.util.List org.springframework.web.servlet.config.annotation.WebMvcConfigurationSupport.getReturnValueHandlers()] because it is final: All calls to this method via a proxy will NOT be routed to the target instance.
2017-06-26 11:28:04.425 [main] INFO  o.s.aop.framework.CglibAopProxy - Unable to proxy method [protected final java.util.List org.springframework.web.servlet.config.annotation.WebMvcConfigurationSupport.getMessageConverters()] because it is final: All calls to this method via a proxy will NOT be routed to the target instance.
2017-06-26 11:28:04.425 [main] INFO  o.s.aop.framework.CglibAopProxy - Unable to proxy method [protected final void org.springframework.web.servlet.config.annotation.WebMvcConfigurationSupport.addDefaultHttpMessageConverters(java.util.List)] because it is final: All calls to this method via a proxy will NOT be routed to the target instance.
2017-06-26 11:28:04.425 [main] INFO  o.s.aop.framework.CglibAopProxy - Unable to proxy method [protected final java.util.Map org.springframework.web.servlet.config.annotation.WebMvcConfigurationSupport.getCorsConfigurations()] because it is final: All calls to this method via a proxy will NOT be routed to the target instance.
2017-06-26 11:28:04.425 [main] INFO  o.s.aop.framework.CglibAopProxy - Unable to proxy method [protected final void org.springframework.web.servlet.config.annotation.WebMvcConfigurationSupport.addDefaultHandlerExceptionResolvers(java.util.List)] because it is final: All calls to this method via a proxy will NOT be routed to the target instance.
2017-06-26 11:28:08.503 [main] INFO  o.s.w.s.m.m.a.RequestMappingHandlerAdapter - Looking for @ControllerAdvice: Root WebApplicationContext: startup date [Mon Jun 26 11:28:00 CST 2017]; root of context hierarchy
2017-06-26 11:28:08.681 [main] INFO  o.s.w.s.m.m.a.ExceptionHandlerExceptionResolver - Detected @ExceptionHandler methods in apiExceptionHandler
2017-06-26 11:28:09.390 [main] INFO  o.s.web.context.ContextLoader - Root WebApplicationContext: initialization completed in 9549 ms
2017-06-26 11:28:09.585 [main] INFO  o.s.web.servlet.DispatcherServlet - FrameworkServlet 'springServlet': initialization started
2017-06-26 11:28:09.592 [main] INFO  o.s.w.c.s.XmlWebApplicationContext - Refreshing WebApplicationContext for namespace 'springServlet-servlet': startup date [Mon Jun 26 11:28:09 CST 2017]; parent: Root WebApplicationContext
2017-06-26 11:28:09.596 [main] INFO  o.s.b.f.xml.XmlBeanDefinitionReader - Loading XML bean definitions from class path resource [spring/spring-mvc.xml]
2017-06-26 11:28:09.914 [main] INFO  o.s.b.f.a.AutowiredAnnotationBeanPostProcessor - JSR-330 'javax.inject.Inject' annotation found and supported for autowiring
2017-06-26 11:28:09.968 [main] INFO  com.shouhuobao.app.AppInit - app logger
2017-06-26 11:28:10.276 [main] INFO  o.s.w.s.h.SimpleUrlHandlerMapping - Mapped URL path [/**] onto handler 'org.springframework.web.servlet.resource.DefaultServletHttpRequestHandler#0'
2017-06-26 11:28:10.441 [main] INFO  o.s.w.s.m.m.a.RequestMappingHandlerMapping - Mapped "{[/user/getMenus]}" onto public org.springframework.web.servlet.ModelAndView com.cms.controller.UserController.login(java.lang.Integer)
2017-06-26 11:28:10.527 [main] INFO  o.s.w.s.m.m.a.RequestMappingHandlerAdapter - Looking for @ControllerAdvice: WebApplicationContext for namespace 'springServlet-servlet': startup date [Mon Jun 26 11:28:09 CST 2017]; parent: Root WebApplicationContext
2017-06-26 11:28:10.559 [main] INFO  o.s.w.s.m.m.a.ExceptionHandlerExceptionResolver - Detected @ExceptionHandler methods in apiExceptionHandler
2017-06-26 11:28:10.812 [main] INFO  o.s.web.servlet.DispatcherServlet - FrameworkServlet 'springServlet': initialization completed in 1226 ms
